This is pdfTeX, Version 3.141592653-2.6-1.40.24 (TeX Live 2022) (preloaded format=pdflatex 2022.4.25)  1 MAY 2022 16:20
entering extended mode
 restricted \write18 enabled.
 file:line:error style messages enabled.
 %&-line parsing enabled.
**report.tex
(./report.tex
LaTeX2e <2021-11-15> patch level 1
L3 programming layer <2022-02-24> (/usr/local/texlive/2022/texmf-dist/tex/latex/base/article.cls
Document Class: article 2021/10/04 v1.4n Standard LaTeX document class
(/usr/local/texlive/2022/texmf-dist/tex/latex/base/size10.clo
File: size10.clo 2021/10/04 v1.4n Standard LaTeX file (size option)
)
\c@part=\count185
\c@section=\count186
\c@subsection=\count187
\c@subsubsection=\count188
\c@paragraph=\count189
\c@subparagraph=\count190
\c@figure=\count191
\c@table=\count192
\abovecaptionskip=\skip47
\belowcaptionskip=\skip48
\bibindent=\dimen138
) (/usr/local/texlive/2022/texmf-dist/tex/latex/amsfonts/amssymb.sty
Package: amssymb 2013/01/14 v3.01 AMS font symbols
 (/usr/local/texlive/2022/texmf-dist/tex/latex/amsfonts/amsfonts.sty
Package: amsfonts 2013/01/14 v3.01 Basic AMSFonts support
\@emptytoks=\toks16
\symAMSa=\mathgroup4
\symAMSb=\mathgroup5
LaTeX Font Info:    Redeclaring math symbol \hbar on input line 98.
LaTeX Font Info:    Overwriting math alphabet `\mathfrak' in version `bold'
(Font)                  U/euf/m/n --> U/euf/b/n on input line 106.
)) (/usr/local/texlive/2022/texmf-dist/tex/latex/amsmath/amsmath.sty
Package: amsmath 2021/10/15 v2.17l AMS math features
\@mathmargin=\skip49

For additional information on amsmath, use the `?' option.
(/usr/local/texlive/2022/texmf-dist/tex/latex/amsmath/amstext.sty
Package: amstext 2021/08/26 v2.01 AMS text
 (/usr/local/texlive/2022/texmf-dist/tex/latex/amsmath/amsgen.sty
File: amsgen.sty 1999/11/30 v2.0 generic functions
\@emptytoks=\toks17
\ex@=\dimen139
)) (/usr/local/texlive/2022/texmf-dist/tex/latex/amsmath/amsbsy.sty
Package: amsbsy 1999/11/29 v1.2d Bold Symbols
\pmbraise@=\dimen140
) (/usr/local/texlive/2022/texmf-dist/tex/latex/amsmath/amsopn.sty
Package: amsopn 2021/08/26 v2.02 operator names
)
\inf@bad=\count193
LaTeX Info: Redefining \frac on input line 234.
\uproot@=\count194
\leftroot@=\count195
LaTeX Info: Redefining \overline on input line 399.
\classnum@=\count196
\DOTSCASE@=\count197
LaTeX Info: Redefining \ldots on input line 496.
LaTeX Info: Redefining \dots on input line 499.
LaTeX Info: Redefining \cdots on input line 620.
\Mathstrutbox@=\box50
\strutbox@=\box51
\big@size=\dimen141
LaTeX Font Info:    Redeclaring font encoding OML on input line 743.
LaTeX Font Info:    Redeclaring font encoding OMS on input line 744.
\macc@depth=\count198
\c@MaxMatrixCols=\count199
\dotsspace@=\muskip16
\c@parentequation=\count266
\dspbrk@lvl=\count267
\tag@help=\toks18
\row@=\count268
\column@=\count269
\maxfields@=\count270
\andhelp@=\toks19
\eqnshift@=\dimen142
\alignsep@=\dimen143
\tagshift@=\dimen144
\tagwidth@=\dimen145
\totwidth@=\dimen146
\lineht@=\dimen147
\@envbody=\toks20
\multlinegap=\skip50
\multlinetaggap=\skip51
\mathdisplay@stack=\toks21
LaTeX Info: Redefining \[ on input line 2938.
LaTeX Info: Redefining \] on input line 2939.
) (/usr/local/texlive/2022/texmf-dist/tex/latex/amscls/amsthm.sty
Package: amsthm 2020/05/29 v2.20.6
\thm@style=\toks22
\thm@bodyfont=\toks23
\thm@headfont=\toks24
\thm@notefont=\toks25
\thm@headpunct=\toks26
\thm@preskip=\skip52
\thm@postskip=\skip53
\thm@headsep=\skip54
\dth@everypar=\toks27
) (/usr/local/texlive/2022/texmf-dist/tex/latex/enumitem/enumitem.sty
Package: enumitem 2019/06/20 v3.9 Customized lists
\enitkv@toks@=\toks28
\labelindent=\skip55
\enit@outerparindent=\dimen148
\enit@toks=\toks29
\enit@inbox=\box52
\enit@count@id=\count271
\enitdp@description=\count272
) (/usr/local/texlive/2022/texmf-dist/tex/latex/mathtools/mathtools.sty
Package: mathtools 2022/02/07 v1.28a mathematical typesetting tools
 (/usr/local/texlive/2022/texmf-dist/tex/latex/graphics/keyval.sty
Package: keyval 2014/10/28 v1.15 key=value parser (DPC)
\KV@toks@=\toks30
) (/usr/local/texlive/2022/texmf-dist/tex/latex/tools/calc.sty
Package: calc 2017/05/25 v4.3 Infix arithmetic (KKT,FJ)
\calc@Acount=\count273
\calc@Bcount=\count274
\calc@Adimen=\dimen149
\calc@Bdimen=\dimen150
\calc@Askip=\skip56
\calc@Bskip=\skip57
LaTeX Info: Redefining \setlength on input line 80.
LaTeX Info: Redefining \addtolength on input line 81.
\calc@Ccount=\count275
\calc@Cskip=\skip58
) (/usr/local/texlive/2022/texmf-dist/tex/latex/mathtools/mhsetup.sty
Package: mhsetup 2021/03/18 v1.4 programming setup (MH)
)
\g_MT_multlinerow_int=\count276
\l_MT_multwidth_dim=\dimen151
\origjot=\skip59
\l_MT_shortvdotswithinadjustabove_dim=\dimen152
\l_MT_shortvdotswithinadjustbelow_dim=\dimen153
\l_MT_above_intertext_sep=\dimen154
\l_MT_below_intertext_sep=\dimen155
\l_MT_above_shortintertext_sep=\dimen156
\l_MT_below_shortintertext_sep=\dimen157
\xmathstrut@box=\box53
\xmathstrut@dim=\dimen158
) (/usr/local/texlive/2022/texmf-dist/tex/latex/tools/bm.sty
Package: bm 2021/04/25 v1.2e Bold Symbol Support (DPC/FMi)
\symboldoperators=\mathgroup6
\symboldletters=\mathgroup7
\symboldsymbols=\mathgroup8
Package bm Info: No bold for \OMX/cmex/m/n, using \pmb.
Package bm Info: No bold for \U/msa/m/n, using \pmb.
Package bm Info: No bold for \U/msb/m/n, using \pmb.
LaTeX Font Info:    Redeclaring math alphabet \mathbf on input line 149.
) (/usr/local/texlive/2022/texmf-dist/tex/latex/algorithms/algorithm.sty
Package: algorithm 2009/08/24 v0.1 Document Style `algorithm' - floating environment
 (/usr/local/texlive/2022/texmf-dist/tex/latex/float/float.sty
Package: float 2001/11/08 v1.3d Float enhancements (AL)
\c@float@type=\count277
\float@exts=\toks31
\float@box=\box54
\@float@everytoks=\toks32
\@floatcapt=\box55
) (/usr/local/texlive/2022/texmf-dist/tex/latex/base/ifthen.sty
Package: ifthen 2020/11/24 v1.1c Standard LaTeX ifthen package (DPC)
)
\@float@every@algorithm=\toks33
\c@algorithm=\count278
) (/usr/local/texlive/2022/texmf-dist/tex/latex/algorithmicx/algpseudocode.sty
Package: algpseudocode 
 (/usr/local/texlive/2022/texmf-dist/tex/latex/algorithmicx/algorithmicx.sty
Package: algorithmicx 2005/04/27 v1.2 Algorithmicx

Document Style algorithmicx 1.2 - a greatly improved `algorithmic' style
\c@ALG@line=\count279
\c@ALG@rem=\count280
\c@ALG@nested=\count281
\ALG@tlm=\skip60
\ALG@thistlm=\skip61
\c@ALG@Lnr=\count282
\c@ALG@blocknr=\count283
\c@ALG@storecount=\count284
\c@ALG@tmpcounter=\count285
\ALG@tmplength=\skip62
)
Document Style - pseudocode environments for use with the `algorithmicx' style
) (/usr/local/texlive/2022/texmf-dist/tex/latex/xcolor/xcolor.sty
Package: xcolor 2021/10/31 v2.13 LaTeX color extensions (UK)
 (/usr/local/texlive/2022/texmf-dist/tex/latex/graphics-cfg/color.cfg
File: color.cfg 2016/01/02 v1.6 sample color configuration
)
Package xcolor Info: Driver file: pdftex.def on input line 227.
 (/usr/local/texlive/2022/texmf-dist/tex/latex/graphics-def/pdftex.def
File: pdftex.def 2020/10/05 v1.2a Graphics/color driver for pdftex
)
Package xcolor Info: Model `cmy' substituted by `cmy0' on input line 1352.
Package xcolor Info: Model `hsb' substituted by `rgb' on input line 1356.
Package xcolor Info: Model `RGB' extended on input line 1368.
Package xcolor Info: Model `HTML' substituted by `rgb' on input line 1370.
Package xcolor Info: Model `Hsb' substituted by `hsb' on input line 1371.
Package xcolor Info: Model `tHsb' substituted by `hsb' on input line 1372.
Package xcolor Info: Model `HSB' substituted by `hsb' on input line 1373.
Package xcolor Info: Model `Gray' substituted by `gray' on input line 1374.
Package xcolor Info: Model `wave' substituted by `hsb' on input line 1375.
) (/usr/local/texlive/2022/texmf-dist/tex/latex/hyperref/hyperref.sty
Package: hyperref 2022-02-21 v7.00n Hypertext links for LaTeX
 (/usr/local/texlive/2022/texmf-dist/tex/generic/ltxcmds/ltxcmds.sty
Package: ltxcmds 2020-05-10 v1.25 LaTeX kernel commands for general use (HO)
) (/usr/local/texlive/2022/texmf-dist/tex/generic/iftex/iftex.sty
Package: iftex 2022/02/03 v1.0f TeX engine tests
) (/usr/local/texlive/2022/texmf-dist/tex/generic/pdftexcmds/pdftexcmds.sty
Package: pdftexcmds 2020-06-27 v0.33 Utility functions of pdfTeX for LuaTeX (HO)
 (/usr/local/texlive/2022/texmf-dist/tex/generic/infwarerr/infwarerr.sty
Package: infwarerr 2019/12/03 v1.5 Providing info/warning/error messages (HO)
)
Package pdftexcmds Info: \pdf@primitive is available.
Package pdftexcmds Info: \pdf@ifprimitive is available.
Package pdftexcmds Info: \pdfdraftmode found.
) (/usr/local/texlive/2022/texmf-dist/tex/generic/kvsetkeys/kvsetkeys.sty
Package: kvsetkeys 2019/12/15 v1.18 Key value parser (HO)
) (/usr/local/texlive/2022/texmf-dist/tex/generic/kvdefinekeys/kvdefinekeys.sty
Package: kvdefinekeys 2019-12-19 v1.6 Define keys (HO)
) (/usr/local/texlive/2022/texmf-dist/tex/generic/pdfescape/pdfescape.sty
Package: pdfescape 2019/12/09 v1.15 Implements pdfTeX's escape features (HO)
) (/usr/local/texlive/2022/texmf-dist/tex/latex/hycolor/hycolor.sty
Package: hycolor 2020-01-27 v1.10 Color options for hyperref/bookmark (HO)
) (/usr/local/texlive/2022/texmf-dist/tex/latex/letltxmacro/letltxmacro.sty
Package: letltxmacro 2019/12/03 v1.6 Let assignment for LaTeX macros (HO)
) (/usr/local/texlive/2022/texmf-dist/tex/latex/auxhook/auxhook.sty
Package: auxhook 2019-12-17 v1.6 Hooks for auxiliary files (HO)
) (/usr/local/texlive/2022/texmf-dist/tex/latex/kvoptions/kvoptions.sty
Package: kvoptions 2020-10-07 v3.14 Key value format for package options (HO)
)
\@linkdim=\dimen159
\Hy@linkcounter=\count286
\Hy@pagecounter=\count287
 (/usr/local/texlive/2022/texmf-dist/tex/latex/hyperref/pd1enc.def
File: pd1enc.def 2022-02-21 v7.00n Hyperref: PDFDocEncoding definition (HO)
Now handling font encoding PD1 ...
... no UTF-8 mapping file for font encoding PD1
) (/usr/local/texlive/2022/texmf-dist/tex/generic/intcalc/intcalc.sty
Package: intcalc 2019/12/15 v1.3 Expandable calculations with integers (HO)
) (/usr/local/texlive/2022/texmf-dist/tex/generic/etexcmds/etexcmds.sty
Package: etexcmds 2019/12/15 v1.7 Avoid name clashes with e-TeX commands (HO)
)
\Hy@SavedSpaceFactor=\count288
 (/usr/local/texlive/2022/texmf-dist/tex/latex/hyperref/puenc.def
File: puenc.def 2022-02-21 v7.00n Hyperref: PDF Unicode definition (HO)
Now handling font encoding PU ...
... no UTF-8 mapping file for font encoding PU
)
Package hyperref Info: Option `colorlinks' set `true' on input line 4018.
Package hyperref Info: Hyper figures OFF on input line 4137.
Package hyperref Info: Link nesting OFF on input line 4142.
Package hyperref Info: Hyper index ON on input line 4145.
Package hyperref Info: Plain pages OFF on input line 4152.
Package hyperref Info: Backreferencing OFF on input line 4157.
Package hyperref Info: Implicit mode ON; LaTeX internals redefined.
Package hyperref Info: Bookmarks ON on input line 4390.
\c@Hy@tempcnt=\count289
 (/usr/local/texlive/2022/texmf-dist/tex/latex/url/url.sty
\Urlmuskip=\muskip17
Package: url 2013/09/16  ver 3.4  Verb mode for urls, etc.
)
LaTeX Info: Redefining \url on input line 4749.
\XeTeXLinkMargin=\dimen160
 (/usr/local/texlive/2022/texmf-dist/tex/generic/bitset/bitset.sty
Package: bitset 2019/12/09 v1.3 Handle bit-vector datatype (HO)
 (/usr/local/texlive/2022/texmf-dist/tex/generic/bigintcalc/bigintcalc.sty
Package: bigintcalc 2019/12/15 v1.5 Expandable calculations on big integers (HO)
))
\Fld@menulength=\count290
\Field@Width=\dimen161
\Fld@charsize=\dimen162
Package hyperref Info: Hyper figures OFF on input line 6027.
Package hyperref Info: Link nesting OFF on input line 6032.
Package hyperref Info: Hyper index ON on input line 6035.
Package hyperref Info: backreferencing OFF on input line 6042.
Package hyperref Info: Link coloring ON on input line 6045.
Package hyperref Info: Link coloring with OCG OFF on input line 6052.
Package hyperref Info: PDF/A mode OFF on input line 6057.
LaTeX Info: Redefining \ref on input line 6097.
LaTeX Info: Redefining \pageref on input line 6101.
 (/usr/local/texlive/2022/texmf-dist/tex/latex/base/atbegshi-ltx.sty
Package: atbegshi-ltx 2021/01/10 v1.0c Emulation of the original atbegshi
package with kernel methods
)
\Hy@abspage=\count291
\c@Item=\count292
\c@Hfootnote=\count293
)
Package hyperref Info: Driver (autodetected): hpdftex.
 (/usr/local/texlive/2022/texmf-dist/tex/latex/hyperref/hpdftex.def
File: hpdftex.def 2022-02-21 v7.00n Hyperref driver for pdfTeX
 (/usr/local/texlive/2022/texmf-dist/tex/latex/base/atveryend-ltx.sty
Package: atveryend-ltx 2020/08/19 v1.0a Emulation of the original atveryend package
with kernel methods
)
\Fld@listcount=\count294
\c@bookmark@seq@number=\count295
 (/usr/local/texlive/2022/texmf-dist/tex/latex/rerunfilecheck/rerunfilecheck.sty
Package: rerunfilecheck 2019/12/05 v1.9 Rerun checks for auxiliary files (HO)
 (/usr/local/texlive/2022/texmf-dist/tex/generic/uniquecounter/uniquecounter.sty
Package: uniquecounter 2019/12/15 v1.4 Provide unlimited unique counter (HO)
)
Package uniquecounter Info: New unique counter `rerunfilecheck' on input line 286.
)
\Hy@SectionHShift=\skip63
) (/usr/local/texlive/2022/texmf-dist/tex/latex/cleveref/cleveref.sty
Package: cleveref 2018/03/27 v0.21.4 Intelligent cross-referencing
Package cleveref Info: `hyperref' support loaded on input line 2370.
LaTeX Info: Redefining \cref on input line 2370.
LaTeX Info: Redefining \Cref on input line 2370.
LaTeX Info: Redefining \crefrange on input line 2370.
LaTeX Info: Redefining \Crefrange on input line 2370.
LaTeX Info: Redefining \cpageref on input line 2370.
LaTeX Info: Redefining \Cpageref on input line 2370.
LaTeX Info: Redefining \cpagerefrange on input line 2370.
LaTeX Info: Redefining \Cpagerefrange on input line 2370.
LaTeX Info: Redefining \labelcref on input line 2370.
LaTeX Info: Redefining \labelcpageref on input line 2370.
Package cleveref Info: `amsthm' support loaded on input line 3026.
Package cleveref Info: `algorithmicx' support loaded on input line 3120.
) (/usr/local/texlive/2022/texmf-dist/tex/latex/graphics/graphicx.sty
Package: graphicx 2021/09/16 v1.2d Enhanced LaTeX Graphics (DPC,SPQR)

(/usr/local/texlive/2022/texmf-dist/tex/latex/graphics/graphics.sty
Package: graphics 2021/03/04 v1.4d Standard LaTeX Graphics (DPC,SPQR)
 (/usr/local/texlive/2022/texmf-dist/tex/latex/graphics/trig.sty
Package: trig 2021/08/11 v1.11 sin cos tan (DPC)
) (/usr/local/texlive/2022/texmf-dist/tex/latex/graphics-cfg/graphics.cfg
File: graphics.cfg 2016/06/04 v1.11 sample graphics configuration
)
Package graphics Info: Driver file: pdftex.def on input line 107.
)
\Gin@req@height=\dimen163
\Gin@req@width=\dimen164
) (/usr/local/texlive/2022/texmf-dist/tex/latex/caption/caption.sty
Package: caption 2022/03/01 v3.6b Customizing captions (AR)
 (/usr/local/texlive/2022/texmf-dist/tex/latex/caption/caption3.sty
Package: caption3 2022/03/17 v2.3b caption3 kernel (AR)
\caption@tempdima=\dimen165
\captionmargin=\dimen166
\caption@leftmargin=\dimen167
\caption@rightmargin=\dimen168
\caption@width=\dimen169
\caption@indent=\dimen170
\caption@parindent=\dimen171
\caption@hangindent=\dimen172
Package caption Info: Standard document class detected.
)
\c@caption@flags=\count296
\c@continuedfloat=\count297
Package caption Info: float package is loaded.
Package caption Info: hyperref package is loaded.
) (/usr/local/texlive/2022/texmf-dist/tex/latex/caption/subcaption.sty
Package: subcaption 2022/01/07 v1.5 Sub-captions (AR)
\c@subfigure=\count298
\c@subtable=\count299
) (/usr/local/texlive/2022/texmf-dist/tex/latex/l3backend/l3backend-pdftex.def
File: l3backend-pdftex.def 2022-02-07 L3 backend support: PDF output (pdfTeX)
\l__color_backend_stack_int=\count300
\l__pdf_internal_box=\box56
)

LaTeX Warning: Unused global option(s):
    [epsf,epic,eepic,eepicemu].

No file report.aux.
\openout1 = `report.aux'.

LaTeX Font Info:    Checking defaults for OML/cmm/m/it on input line 30.
LaTeX Font Info:    ... okay on input line 30.
LaTeX Font Info:    Checking defaults for OMS/cmsy/m/n on input line 30.
LaTeX Font Info:    ... okay on input line 30.
LaTeX Font Info:    Checking defaults for OT1/cmr/m/n on input line 30.
LaTeX Font Info:    ... okay on input line 30.
LaTeX Font Info:    Checking defaults for T1/cmr/m/n on input line 30.
LaTeX Font Info:    ... okay on input line 30.
LaTeX Font Info:    Checking defaults for TS1/cmr/m/n on input line 30.
LaTeX Font Info:    ... okay on input line 30.
LaTeX Font Info:    Checking defaults for OMX/cmex/m/n on input line 30.
LaTeX Font Info:    ... okay on input line 30.
LaTeX Font Info:    Checking defaults for U/cmr/m/n on input line 30.
LaTeX Font Info:    ... okay on input line 30.
LaTeX Font Info:    Checking defaults for PD1/pdf/m/n on input line 30.
LaTeX Font Info:    ... okay on input line 30.
LaTeX Font Info:    Checking defaults for PU/pdf/m/n on input line 30.
LaTeX Font Info:    ... okay on input line 30.
(/usr/local/texlive/2022/texmf-dist/tex/context/base/mkii/supp-pdf.mkii
[Loading MPS to PDF converter (version 2006.09.02).]
\scratchcounter=\count301
\scratchdimen=\dimen173
\scratchbox=\box57
\nofMPsegments=\count302
\nofMParguments=\count303
\everyMPshowfont=\toks34
\MPscratchCnt=\count304
\MPscratchDim=\dimen174
\MPnumerator=\count305
\makeMPintoPDFobject=\count306
\everyMPtoPDFconversion=\toks35
) (/usr/local/texlive/2022/texmf-dist/tex/latex/epstopdf-pkg/epstopdf-base.sty
Package: epstopdf-base 2020-01-24 v2.11 Base part for package epstopdf
Package epstopdf-base Info: Redefining graphics rule for `.eps' on input line 485.
 (/usr/local/texlive/2022/texmf-dist/tex/latex/latexconfig/epstopdf-sys.cfg
File: epstopdf-sys.cfg 2010/07/13 v1.3 Configuration of (r)epstopdf for TeX Live
))
Package hyperref Info: Link coloring ON on input line 30.
 (/usr/local/texlive/2022/texmf-dist/tex/latex/hyperref/nameref.sty
Package: nameref 2021-04-02 v2.47 Cross-referencing by name of section
 (/usr/local/texlive/2022/texmf-dist/tex/latex/refcount/refcount.sty
Package: refcount 2019/12/15 v3.6 Data extraction from label references (HO)
) (/usr/local/texlive/2022/texmf-dist/tex/generic/gettitlestring/gettitlestring.sty
Package: gettitlestring 2019/12/15 v1.6 Cleanup title references (HO)
)
\c@section@level=\count307
)
LaTeX Info: Redefining \ref on input line 30.
LaTeX Info: Redefining \pageref on input line 30.
LaTeX Info: Redefining \nameref on input line 30.
\@outlinefile=\write3
\openout3 = `report.out'.

Package caption Info: Begin \AtBeginDocument code.
Package caption Info: End \AtBeginDocument code.
LaTeX Font Info:    Trying to load font information for U+msa on input line 41.
 (/usr/local/texlive/2022/texmf-dist/tex/latex/amsfonts/umsa.fd
File: umsa.fd 2013/01/14 v3.01 AMS symbols A
)
LaTeX Font Info:    Trying to load font information for U+msb on input line 41.
 (/usr/local/texlive/2022/texmf-dist/tex/latex/amsfonts/umsb.fd
File: umsb.fd 2013/01/14 v3.01 AMS symbols B
)

LaTeX Warning: Citation `gutin2021' on page 1 undefined on input line 46.


LaTeX Warning: Reference `alg:sequential' on page 1 undefined on input line 46.


LaTeX Warning: Reference `alg:task-parallel' on page 1 undefined on input line 51.


LaTeX Warning: Reference `alg:data-parallel' on page 1 undefined on input line 58.

[1

{/usr/local/texlive/2022/texmf-var/fonts/map/pdftex/updmap/pdftex.map}]

LaTeX Warning: Reference `sec:data-parallel' on page 1 undefined on input line 64.


LaTeX Warning: Reference `alg:distributed' on page 1 undefined on input line 64.

Package hyperref Info: bookmark level for unknown algorithm defaults to 0 on input line 116.

Underfull \hbox (badness 10000) in paragraph at lines 119--121

 []


Underfull \hbox (badness 10000) in paragraph at lines 122--124

 []


Underfull \hbox (badness 10000) in paragraph at lines 133--135

 []


Underfull \hbox (badness 10000) in paragraph at lines 140--142

 []


Underfull \hbox (badness 10000) in paragraph at lines 145--147

 []


Underfull \hbox (badness 10000) in paragraph at lines 162--164

 []


Underfull \hbox (badness 10000) in paragraph at lines 187--189

 []


Underfull \hbox (badness 10000) in paragraph at lines 190--192

 []

LaTeX Font Info:    Trying to load font information for OMS+cmr on input line 198.
(/usr/local/texlive/2022/texmf-dist/tex/latex/base/omscmr.fd
File: omscmr.fd 2019/12/16 v2.5j Standard LaTeX font definitions
)
LaTeX Font Info:    Font shape `OMS/cmr/m/n' in size <8> not available
(Font)              Font shape `OMS/cmsy/m/n' tried instead on input line 198.

Underfull \hbox (badness 10000) in paragraph at lines 203--205

 []


Underfull \hbox (badness 10000) in paragraph at lines 210--212

 []


Underfull \hbox (badness 10000) in paragraph at lines 223--225

 []


Underfull \hbox (badness 10000) in paragraph at lines 245--247

 []

[2]
Overfull \vbox (115.56998pt too high) has occurred while \output is active []

 [3
pdfTeX warning (ext4): destination with the same identifier (name{ALG@line.1}) has been already used, duplicate ignored
<argument> ...shipout:D \box_use:N \l_shipout_box 
                                                  \__shipout_drop_firstpage_...
l.269 \begin{minipage}[t]{0.46\textwidth}
                                         
pdfTeX warning (ext4): destination with the same identifier (name{ALG@line.2}) has been already used, duplicate ignored
<argument> ...shipout:D \box_use:N \l_shipout_box 
                                                  \__shipout_drop_firstpage_...
l.269 \begin{minipage}[t]{0.46\textwidth}
                                         
pdfTeX warning (ext4): destination with the same identifier (name{ALG@line.3}) has been already used, duplicate ignored
<argument> ...shipout:D \box_use:N \l_shipout_box 
                                                  \__shipout_drop_firstpage_...
l.269 \begin{minipage}[t]{0.46\textwidth}
                                         
pdfTeX warning (ext4): destination with the same identifier (name{ALG@line.4}) has been already used, duplicate ignored
<argument> ...shipout:D \box_use:N \l_shipout_box 
                                                  \__shipout_drop_firstpage_...
l.269 \begin{minipage}[t]{0.46\textwidth}
                                         
pdfTeX warning (ext4): destination with the same identifier (name{ALG@line.5}) has been already used, duplicate ignored
<argument> ...shipout:D \box_use:N \l_shipout_box 
                                                  \__shipout_drop_firstpage_...
l.269 \begin{minipage}[t]{0.46\textwidth}
                                         
pdfTeX warning (ext4): destination with the same identifier (name{ALG@line.6}) has been already used, duplicate ignored
<argument> ...shipout:D \box_use:N \l_shipout_box 
                                                  \__shipout_drop_firstpage_...
l.269 \begin{minipage}[t]{0.46\textwidth}
                                         
pdfTeX warning (ext4): destination with the same identifier (name{ALG@line.7}) has been already used, duplicate ignored
<argument> ...shipout:D \box_use:N \l_shipout_box 
                                                  \__shipout_drop_firstpage_...
l.269 \begin{minipage}[t]{0.46\textwidth}
                                         
pdfTeX warning (ext4): destination with the same identifier (name{ALG@line.8}) has been already used, duplicate ignored
<argument> ...shipout:D \box_use:N \l_shipout_box 
                                                  \__shipout_drop_firstpage_...
l.269 \begin{minipage}[t]{0.46\textwidth}
                                         
pdfTeX warning (ext4): destination with the same identifier (name{ALG@line.9}) has been already used, duplicate ignored
<argument> ...shipout:D \box_use:N \l_shipout_box 
                                                  \__shipout_drop_firstpage_...
l.269 \begin{minipage}[t]{0.46\textwidth}
                                         
pdfTeX warning (ext4): destination with the same identifier (name{ALG@line.10}) has been already used, duplicate ignored
<argument> ...shipout:D \box_use:N \l_shipout_box 
                                                  \__shipout_drop_firstpage_...
l.269 \begin{minipage}[t]{0.46\textwidth}
                                         
pdfTeX warning (ext4): destination with the same identifier (name{ALG@line.11}) has been already used, duplicate ignored
<argument> ...shipout:D \box_use:N \l_shipout_box 
                                                  \__shipout_drop_firstpage_...
l.269 \begin{minipage}[t]{0.46\textwidth}
                                         
pdfTeX warning (ext4): destination with the same identifier (name{ALG@line.12}) has been already used, duplicate ignored
<argument> ...shipout:D \box_use:N \l_shipout_box 
                                                  \__shipout_drop_firstpage_...
l.269 \begin{minipage}[t]{0.46\textwidth}
                                         
pdfTeX warning (ext4): destination with the same identifier (name{ALG@line.13}) has been already used, duplicate ignored
<argument> ...shipout:D \box_use:N \l_shipout_box 
                                                  \__shipout_drop_firstpage_...
l.269 \begin{minipage}[t]{0.46\textwidth}
                                         
pdfTeX warning (ext4): destination with the same identifier (name{ALG@line.14}) has been already used, duplicate ignored
<argument> ...shipout:D \box_use:N \l_shipout_box 
                                                  \__shipout_drop_firstpage_...
l.269 \begin{minipage}[t]{0.46\textwidth}
                                         
pdfTeX warning (ext4): destination with the same identifier (name{ALG@line.15}) has been already used, duplicate ignored
<argument> ...shipout:D \box_use:N \l_shipout_box 
                                                  \__shipout_drop_firstpage_...
l.269 \begin{minipage}[t]{0.46\textwidth}
                                         
pdfTeX warning (ext4): destination with the same identifier (name{ALG@line.16}) has been already used, duplicate ignored
<argument> ...shipout:D \box_use:N \l_shipout_box 
                                                  \__shipout_drop_firstpage_...
l.269 \begin{minipage}[t]{0.46\textwidth}
                                         
pdfTeX warning (ext4): destination with the same identifier (name{ALG@line.17}) has been already used, duplicate ignored
<argument> ...shipout:D \box_use:N \l_shipout_box 
                                                  \__shipout_drop_firstpage_...
l.269 \begin{minipage}[t]{0.46\textwidth}
                                         
pdfTeX warning (ext4): destination with the same identifier (name{ALG@line.18}) has been already used, duplicate ignored
<argument> ...shipout:D \box_use:N \l_shipout_box 
                                                  \__shipout_drop_firstpage_...
l.269 \begin{minipage}[t]{0.46\textwidth}
                                         
pdfTeX warning (ext4): destination with the same identifier (name{ALG@line.19}) has been already used, duplicate ignored
<argument> ...shipout:D \box_use:N \l_shipout_box 
                                                  \__shipout_drop_firstpage_...
l.269 \begin{minipage}[t]{0.46\textwidth}
                                         
pdfTeX warning (ext4): destination with the same identifier (name{ALG@line.20}) has been already used, duplicate ignored
<argument> ...shipout:D \box_use:N \l_shipout_box 
                                                  \__shipout_drop_firstpage_...
l.269 \begin{minipage}[t]{0.46\textwidth}
                                         
pdfTeX warning (ext4): destination with the same identifier (name{ALG@line.21}) has been already used, duplicate ignored
<argument> ...shipout:D \box_use:N \l_shipout_box 
                                                  \__shipout_drop_firstpage_...
l.269 \begin{minipage}[t]{0.46\textwidth}
                                         
pdfTeX warning (ext4): destination with the same identifier (name{ALG@line.22}) has been already used, duplicate ignored
<argument> ...shipout:D \box_use:N \l_shipout_box 
                                                  \__shipout_drop_firstpage_...
l.269 \begin{minipage}[t]{0.46\textwidth}
                                         
pdfTeX warning (ext4): destination with the same identifier (name{ALG@line.23}) has been already used, duplicate ignored
<argument> ...shipout:D \box_use:N \l_shipout_box 
                                                  \__shipout_drop_firstpage_...
l.269 \begin{minipage}[t]{0.46\textwidth}
                                         
pdfTeX warning (ext4): destination with the same identifier (name{ALG@line.24}) has been already used, duplicate ignored
<argument> ...shipout:D \box_use:N \l_shipout_box 
                                                  \__shipout_drop_firstpage_...
l.269 \begin{minipage}[t]{0.46\textwidth}
                                         
pdfTeX warning (ext4): destination with the same identifier (name{ALG@line.25}) has been already used, duplicate ignored
<argument> ...shipout:D \box_use:N \l_shipout_box 
                                                  \__shipout_drop_firstpage_...
l.269 \begin{minipage}[t]{0.46\textwidth}
                                         
pdfTeX warning (ext4): destination with the same identifier (name{ALG@line.26}) has been already used, duplicate ignored
<argument> ...shipout:D \box_use:N \l_shipout_box 
                                                  \__shipout_drop_firstpage_...
l.269 \begin{minipage}[t]{0.46\textwidth}
                                         
pdfTeX warning (ext4): destination with the same identifier (name{ALG@line.27}) has been already used, duplicate ignored
<argument> ...shipout:D \box_use:N \l_shipout_box 
                                                  \__shipout_drop_firstpage_...
l.269 \begin{minipage}[t]{0.46\textwidth}
                                         
pdfTeX warning (ext4): destination with the same identifier (name{ALG@line.28}) has been already used, duplicate ignored
<argument> ...shipout:D \box_use:N \l_shipout_box 
                                                  \__shipout_drop_firstpage_...
l.269 \begin{minipage}[t]{0.46\textwidth}
                                         
pdfTeX warning (ext4): destination with the same identifier (name{ALG@line.29}) has been already used, duplicate ignored
<argument> ...shipout:D \box_use:N \l_shipout_box 
                                                  \__shipout_drop_firstpage_...
l.269 \begin{minipage}[t]{0.46\textwidth}
                                         
pdfTeX warning (ext4): destination with the same identifier (name{ALG@line.30}) has been already used, duplicate ignored
<argument> ...shipout:D \box_use:N \l_shipout_box 
                                                  \__shipout_drop_firstpage_...
l.269 \begin{minipage}[t]{0.46\textwidth}
                                         
pdfTeX warning (ext4): destination with the same identifier (name{ALG@line.31}) has been already used, duplicate ignored
<argument> ...shipout:D \box_use:N \l_shipout_box 
                                                  \__shipout_drop_firstpage_...
l.269 \begin{minipage}[t]{0.46\textwidth}
                                         
pdfTeX warning (ext4): destination with the same identifier (name{ALG@line.32}) has been already used, duplicate ignored
<argument> ...shipout:D \box_use:N \l_shipout_box 
                                                  \__shipout_drop_firstpage_...
l.269 \begin{minipage}[t]{0.46\textwidth}
                                         
pdfTeX warning (ext4): destination with the same identifier (name{ALG@line.33}) has been already used, duplicate ignored
<argument> ...shipout:D \box_use:N \l_shipout_box 
                                                  \__shipout_drop_firstpage_...
l.269 \begin{minipage}[t]{0.46\textwidth}
                                         
pdfTeX warning (ext4): destination with the same identifier (name{ALG@line.34}) has been already used, duplicate ignored
<argument> ...shipout:D \box_use:N \l_shipout_box 
                                                  \__shipout_drop_firstpage_...
l.269 \begin{minipage}[t]{0.46\textwidth}
                                         
pdfTeX warning (ext4): destination with the same identifier (name{ALG@line.35}) has been already used, duplicate ignored
<argument> ...shipout:D \box_use:N \l_shipout_box 
                                                  \__shipout_drop_firstpage_...
l.269 \begin{minipage}[t]{0.46\textwidth}
                                         
pdfTeX warning (ext4): destination with the same identifier (name{ALG@line.36}) has been already used, duplicate ignored
<argument> ...shipout:D \box_use:N \l_shipout_box 
                                                  \__shipout_drop_firstpage_...
l.269 \begin{minipage}[t]{0.46\textwidth}
                                         
pdfTeX warning (ext4): destination with the same identifier (name{ALG@line.37}) has been already used, duplicate ignored
<argument> ...shipout:D \box_use:N \l_shipout_box 
                                                  \__shipout_drop_firstpage_...
l.269 \begin{minipage}[t]{0.46\textwidth}
                                         
pdfTeX warning (ext4): destination with the same identifier (name{ALG@line.38}) has been already used, duplicate ignored
<argument> ...shipout:D \box_use:N \l_shipout_box 
                                                  \__shipout_drop_firstpage_...
l.269 \begin{minipage}[t]{0.46\textwidth}
                                         
pdfTeX warning (ext4): destination with the same identifier (name{ALG@line.39}) has been already used, duplicate ignored
<argument> ...shipout:D \box_use:N \l_shipout_box 
                                                  \__shipout_drop_firstpage_...
l.269 \begin{minipage}[t]{0.46\textwidth}
                                         
pdfTeX warning (ext4): destination with the same identifier (name{ALG@line.40}) has been already used, duplicate ignored
<argument> ...shipout:D \box_use:N \l_shipout_box 
                                                  \__shipout_drop_firstpage_...
l.269 \begin{minipage}[t]{0.46\textwidth}
                                         
pdfTeX warning (ext4): destination with the same identifier (name{ALG@line.41}) has been already used, duplicate ignored
<argument> ...shipout:D \box_use:N \l_shipout_box 
                                                  \__shipout_drop_firstpage_...
l.269 \begin{minipage}[t]{0.46\textwidth}
                                         
pdfTeX warning (ext4): destination with the same identifier (name{ALG@line.42}) has been already used, duplicate ignored
<argument> ...shipout:D \box_use:N \l_shipout_box 
                                                  \__shipout_drop_firstpage_...
l.269 \begin{minipage}[t]{0.46\textwidth}
                                         
pdfTeX warning (ext4): destination with the same identifier (name{ALG@line.43}) has been already used, duplicate ignored
<argument> ...shipout:D \box_use:N \l_shipout_box 
                                                  \__shipout_drop_firstpage_...
l.269 \begin{minipage}[t]{0.46\textwidth}
                                         
pdfTeX warning (ext4): destination with the same identifier (name{ALG@line.44}) has been already used, duplicate ignored
<argument> ...shipout:D \box_use:N \l_shipout_box 
                                                  \__shipout_drop_firstpage_...
l.269 \begin{minipage}[t]{0.46\textwidth}
                                         
pdfTeX warning (ext4): destination with the same identifier (name{ALG@line.45}) has been already used, duplicate ignored
<argument> ...shipout:D \box_use:N \l_shipout_box 
                                                  \__shipout_drop_firstpage_...
l.269 \begin{minipage}[t]{0.46\textwidth}
                                         
pdfTeX warning (ext4): destination with the same identifier (name{ALG@line.46}) has been already used, duplicate ignored
<argument> ...shipout:D \box_use:N \l_shipout_box 
                                                  \__shipout_drop_firstpage_...
l.269 \begin{minipage}[t]{0.46\textwidth}
                                         
pdfTeX warning (ext4): destination with the same identifier (name{ALG@line.47}) has been already used, duplicate ignored
<argument> ...shipout:D \box_use:N \l_shipout_box 
                                                  \__shipout_drop_firstpage_...
l.269 \begin{minipage}[t]{0.46\textwidth}
                                         ]
pdfTeX warning (ext4): destination with the same identifier (name{ALG@line.1}) has been already used, duplicate ignored
<to be read again> 
                   \relax 
l.274   \State
               \var{SOLUTION} $\gets \emptyset$
Underfull \hbox (badness 10000) in paragraph at lines 274--276

 []


pdfTeX warning (ext4): destination with the same identifier (name{ALG@line.2}) has been already used, duplicate ignored
<to be read again> 
                   \relax 
l.276   \Function
                 {\textcolor{red}{BB-DFS-Data}}{\var{edge}, \var{state}}
pdfTeX warning (ext4): destination with the same identifier (name{ALG@line.3}) has been already used, duplicate ignored
<to be read again> 
                   \relax 
l.277     \State
                 $\var{score} \gets$ sum of \var{G} edge weights by $\var{st...
Underfull \hbox (badness 10000) in paragraph at lines 277--279

 []


pdfTeX warning (ext4): destination with the same identifier (name{ALG@line.4}) has been already used, duplicate ignored
<to be read again> 
                   \relax 
l.280     \State
                 // Analyze state if terminal
pdfTeX warning (ext4): destination with the same identifier (name{ALG@line.5}) has been already used, duplicate ignored
<to be read again> 
                   \relax 
l.281     \If
              {$\var{edge} \geq |E(\var{G})|$}
pdfTeX warning (ext4): destination with the same identifier (name{ALG@line.6}) has been already used, duplicate ignored
<to be read again> 
                   \relax 
l.282       \If
                {$\var{G.not\_connected()}$}
pdfTeX warning (ext4): destination with the same identifier (name{ALG@line.7}) has been already used, duplicate ignored
<to be read again> 
                   \relax 
l.283         \State
                     return
pdfTeX warning (ext4): destination with the same identifier (name{ALG@line.8}) has been already used, duplicate ignored
<to be read again> 
                   \relax 
l.284       \EndIf
                  
pdfTeX warning (ext4): destination with the same identifier (name{ALG@line.9}) has been already used, duplicate ignored
<to be read again> 
                   \relax 
l.285       \State
                   \textcolor{red}{Critical section \{}
pdfTeX warning (ext4): destination with the same identifier (name{ALG@line.10}) has been already used, duplicate ignored
<to be read again> 
                   \relax 
l.286       \If
                {$\var{SOLUTION.score} \leq \var{score}$}
pdfTeX warning (ext4): destination with the same identifier (name{ALG@line.11}) has been already used, duplicate ignored
<to be read again> 
                   \relax 
l.287         \State
                     update $\var{SOLUTION}$ with $\var{state}$
pdfTeX warning (ext4): destination with the same identifier (name{ALG@line.12}) has been already used, duplicate ignored
<to be read again> 
                   \relax 
l.288       \EndIf
                  
pdfTeX warning (ext4): destination with the same identifier (name{ALG@line.13}) has been already used, duplicate ignored
<to be read again> 
                   \relax 
l.289       \State
                   \textcolor{red}{\}}
pdfTeX warning (ext4): destination with the same identifier (name{ALG@line.14}) has been already used, duplicate ignored
<to be read again> 
                   \relax 
l.290     \EndIf
                
Underfull \hbox (badness 10000) in paragraph at lines 290--292

 []


pdfTeX warning (ext4): destination with the same identifier (name{ALG@line.15}) has been already used, duplicate ignored
<to be read again> 
                   \relax 
l.293     \State
                 // Prune
pdfTeX warning (ext4): destination with the same identifier (name{ALG@line.16}) has been already used, duplicate ignored
<to be read again> 
                   \relax 
l.294     \State
                 $\var{score\_future} \gets$ sum of all $\var{G}$ weights fo...
pdfTeX warning (ext4): destination with the same identifier (name{ALG@line.17}) has been already used, duplicate ignored
<to be read again> 
                   \relax 
l.295     \If
             {$\var{score} + \var{score\_future} < \var{SOLUTION.score}$}
pdfTeX warning (ext4): destination with the same identifier (name{ALG@line.18}) has been already used, duplicate ignored
<to be read again> 
                   \relax 
l.296       \State
                   return
pdfTeX warning (ext4): destination with the same identifier (name{ALG@line.19}) has been already used, duplicate ignored
<to be read again> 
                   \relax 
l.297     \EndIf
                
Underfull \hbox (badness 10000) in paragraph at lines 297--299

 []


pdfTeX warning (ext4): destination with the same identifier (name{ALG@line.20}) has been already used, duplicate ignored
<to be read again> 
                   \relax 
l.300     \State
                 // ``Ignore edge'' case
pdfTeX warning (ext4): destination with the same identifier (name{ALG@line.21}) has been already used, duplicate ignored
<to be read again> 
                   \relax 
l.301     \State
                 $\var{state.edge\_mask}[\var{edge}] \gets$ 0
pdfTeX warning (ext4): destination with the same identifier (name{ALG@line.22}) has been already used, duplicate ignored
<to be read again> 
                   \relax 
l.302     \State
                 \textproc{\textcolor{red}{BB-DFS-Data}}(\var{edge}+1, \var{...
Underfull \hbox (badness 10000) in paragraph at lines 302--304

 []


pdfTeX warning (ext4): destination with the same identifier (name{ALG@line.23}) has been already used, duplicate ignored
<to be read again> 
                   \relax 
l.305     \State
                 // ``Add edge'' cases
pdfTeX warning (ext4): destination with the same identifier (name{ALG@line.24}) has been already used, duplicate ignored
<to be read again> 
                   \relax 
l.306     \State
                 $\var{state.edge\_mask}[\var{edge}] \gets$ 1
pdfTeX warning (ext4): destination with the same identifier (name{ALG@line.25}) has been already used, duplicate ignored
<to be read again> 
                   \relax 
l.307     \State
                 $\var{u}, \var{v} \gets \var{G.edges[edge]}$
pdfTeX warning (ext4): destination with the same identifier (name{ALG@line.26}) has been already used, duplicate ignored
<to be read again> 
                   \relax 
l.308     \For
              {\var{colors} in $\{(0, 1), (1, 0)\}$}
pdfTeX warning (ext4): destination with the same identifier (name{ALG@line.27}) has been already used, duplicate ignored
<to be read again> 
                   \relax 
l.309       \If
               {$\var{state.colors[u]} \neq \var{colors[0]}$ \\ \hskip\algor...
pdfTeX warning (ext4): destination with the same identifier (name{ALG@line.28}) has been already used, duplicate ignored
<to be read again> 
                   \relax 
l.309 ...r{state.colors[v]} \neq \var{colors[1]}$}
                                                  
pdfTeX warning (ext4): destination with the same identifier (name{ALG@line.29}) has been already used, duplicate ignored
<to be read again> 
                   \relax 
l.310         \State
                     continue
pdfTeX warning (ext4): destination with the same identifier (name{ALG@line.30}) has been already used, duplicate ignored
<to be read again> 
                   \relax 
l.311 	  \EndIf
               
pdfTeX warning (ext4): destination with the same identifier (name{ALG@line.31}) has been already used, duplicate ignored
<to be read again> 
                   \relax 
l.312       \State
                   $\var{state.colors[u]} \gets \var{colors[0]}$
pdfTeX warning (ext4): destination with the same identifier (name{ALG@line.32}) has been already used, duplicate ignored
<to be read again> 
                   \relax 
l.313       \State
                   $\var{state.colors[v]} \gets \var{colors[1]}$
pdfTeX warning (ext4): destination with the same identifier (name{ALG@line.33}) has been already used, duplicate ignored
<to be read again> 
                   \relax 
l.314       \If
               {coloring in \var{state} is consistent}
pdfTeX warning (ext4): destination with the same identifier (name{ALG@line.34}) has been already used, duplicate ignored
<to be read again> 
                   \relax 
l.315         \State
                     \textproc{\textcolor{red}{BB-DFS-Data}}(\var{edge}+1, \...
pdfTeX warning (ext4): destination with the same identifier (name{ALG@line.35}) has been already used, duplicate ignored
<to be read again> 
                   \relax 
l.316       \EndIf
                  
pdfTeX warning (ext4): destination with the same identifier (name{ALG@line.36}) has been already used, duplicate ignored
<to be read again> 
                   \relax 
l.317     \EndFor
                 
pdfTeX warning (ext4): destination with the same identifier (name{ALG@line.37}) has been already used, duplicate ignored
<to be read again> 
                   \relax 
l.319   \EndFunction
                    
Underfull \hbox (badness 10000) in paragraph at lines 319--321

 []


pdfTeX warning (ext4): destination with the same identifier (name{ALG@line.38}) has been already used, duplicate ignored
<to be read again> 
                   \relax 
l.321   \Function
                 {Main}{\var{infile}, \var{sort}}
pdfTeX warning (ext4): destination with the same identifier (name{ALG@line.39}) has been already used, duplicate ignored
<to be read again> 
                   \relax 
l.322   	\State
                $\var{G} \gets$ parse \var{infile}
pdfTeX warning (ext4): destination with the same identifier (name{ALG@line.40}) has been already used, duplicate ignored
<to be read again> 
                   \relax 
l.323     \If
             {$\var{G}$ is bipartite}
pdfTeX warning (ext4): destination with the same identifier (name{ALG@line.41}) has been already used, duplicate ignored
<to be read again> 
                   \relax 
l.324       \State
                   \var{SOLUTION} $\gets \{\var{G}\}$
pdfTeX warning (ext4): destination with the same identifier (name{ALG@line.42}) has been already used, duplicate ignored
<to be read again> 
                   \relax 
l.325       \State
                   print \var{SOLUTION} and exit
pdfTeX warning (ext4): destination with the same identifier (name{ALG@line.43}) has been already used, duplicate ignored
<to be read again> 
                   \relax 
l.326     \EndIf
                
pdfTeX warning (ext4): destination with the same identifier (name{ALG@line.44}) has been already used, duplicate ignored
<to be read again> 
                   \relax 
l.327     \If
             {$\var{sort}$ is True}
pdfTeX warning (ext4): destination with the same identifier (name{ALG@line.45}) has been already used, duplicate ignored
<to be read again> 
                   \relax 
l.328       \State
                   Sort edges of \var{G} by weights
pdfTeX warning (ext4): destination with the same identifier (name{ALG@line.46}) has been already used, duplicate ignored
<to be read again> 
                   \relax 
l.329     \EndIf
                
pdfTeX warning (ext4): destination with the same identifier (name{ALG@line.47}) has been already used, duplicate ignored
<to be read again> 
                   \relax 
l.330     \State
                 \textcolor{red}{\var{n\_jobs} $\gets \var{N\_THREADS} * \va...
pdfTeX warning (ext4): destination with the same identifier (name{ALG@line.48}) has been already used, duplicate ignored
<to be read again> 
                   \relax 
l.331     \State
                 \textcolor{red}{\var{jobs} $\gets$ generate \var{n\_jobs} j...
pdfTeX warning (ext4): destination with the same identifier (name{ALG@line.49}) has been already used, duplicate ignored
<to be read again> 
                   \relax 
l.332     \State
                 \textcolor{red}{Run \textbf{for} in parallel with \textit{d...
pdfTeX warning (ext4): destination with the same identifier (name{ALG@line.50}) has been already used, duplicate ignored
<to be read again> 
                   \relax 
l.333     \For
              {\textcolor{red}{\var{job} in \var{jobs}}}
pdfTeX warning (ext4): destination with the same identifier (name{ALG@line.51}) has been already used, duplicate ignored
<to be read again> 
                   \relax 
l.334       \State
                  \textcolor{red}{\hskip\algorithmicindent\textproc{BB-DFS-D...
pdfTeX warning (ext4): destination with the same identifier (name{ALG@line.52}) has been already used, duplicate ignored
<to be read again> 
                   \relax 
l.335     \EndFor
                 
pdfTeX warning (ext4): destination with the same identifier (name{ALG@line.53}) has been already used, duplicate ignored
<to be read again> 
                   \relax 
l.336     \State
                 \textcolor{red}{\}}
pdfTeX warning (ext4): destination with the same identifier (name{ALG@line.54}) has been already used, duplicate ignored
<to be read again> 
                   \relax 
l.337     \State
                 print \var{SOLUTION} and exit
pdfTeX warning (ext4): destination with the same identifier (name{ALG@line.55}) has been already used, duplicate ignored
<to be read again> 
                   \relax 
l.338   \EndFunction
                    
pdfTeX warning (ext4): destination with the same identifier (name{ALG@line.1}) has been already used, duplicate ignored
<to be read again> 
                   \relax 
l.348   \State
               \var{SOLUTION} $\gets \emptyset$
Underfull \hbox (badness 10000) in paragraph at lines 348--350

 []


pdfTeX warning (ext4): destination with the same identifier (name{ALG@line.2}) has been already used, duplicate ignored
<to be read again> 
                   \relax 
l.351   \Function
                 {Main}{\var{infile}, \var{sort}}
pdfTeX warning (ext4): destination with the same identifier (name{ALG@line.3}) has been already used, duplicate ignored
<to be read again> 
                   \relax 
l.352   	\State
                $\var{G} \gets$ parse \var{infile}
pdfTeX warning (ext4): destination with the same identifier (name{ALG@line.4}) has been already used, duplicate ignored
<to be read again> 
                   \relax 
l.353   	\If
            {Master process and $\var{G}$ is bipartite}
pdfTeX warning (ext4): destination with the same identifier (name{ALG@line.5}) has been already used, duplicate ignored
<to be read again> 
                   \relax 
l.354         \State
                     \var{SOLUTION} $\gets \{\var{G}\}$
pdfTeX warning (ext4): destination with the same identifier (name{ALG@line.6}) has been already used, duplicate ignored
<to be read again> 
                   \relax 
l.355         \State
                     Send terminate signal to all other processes
pdfTeX warning (ext4): destination with the same identifier (name{ALG@line.7}) has been already used, duplicate ignored
<to be read again> 
                   \relax 
l.356         \State
                     print \var{SOLUTION} and exit
pdfTeX warning (ext4): destination with the same identifier (name{ALG@line.8}) has been already used, duplicate ignored
<to be read again> 
                   \relax 
l.357     \EndIf
                
pdfTeX warning (ext4): destination with the same identifier (name{ALG@line.9}) has been already used, duplicate ignored
<to be read again> 
                   \relax 
l.358     \If
             {$\var{sort}$ is True}
pdfTeX warning (ext4): destination with the same identifier (name{ALG@line.10}) has been already used, duplicate ignored
<to be read again> 
                   \relax 
l.359       \State
                   Sort edges of \var{G} by weights
pdfTeX warning (ext4): destination with the same identifier (name{ALG@line.11}) has been already used, duplicate ignored
<to be read again> 
                   \relax 
l.360     \EndIf
                
Underfull \hbox (badness 10000) in paragraph at lines 360--362

 []


pdfTeX warning (ext4): destination with the same identifier (name{ALG@line.12}) has been already used, duplicate ignored
<to be read again> 
                   \relax 
l.362     \If
             {Master process}
pdfTeX warning (ext4): destination with the same identifier (name{ALG@line.13}) has been already used, duplicate ignored
<to be read again> 
                   \relax 
l.363       \State
                   \var{n\_jobs} $\gets \var{N\_PROCESSES} * \var{N\_JOBS\_P...
pdfTeX warning (ext4): destination with the same identifier (name{ALG@line.14}) has been already used, duplicate ignored
<to be read again> 
                   \relax 
l.364       \State
                   \var{jobs} $\gets$ generate \var{n\_jobs} jobs with BFS
pdfTeX warning (ext4): destination with the same identifier (name{ALG@line.15}) has been already used, duplicate ignored
<to be read again> 
                   \relax 
l.365       \State
                   \var{n\_workers} $\gets$ \var{N\_PROCESSES}
pdfTeX warning (ext4): destination with the same identifier (name{ALG@line.16}) has been already used, duplicate ignored
<to be read again> 
                   \relax 
l.366       \State
                   Send one job to all other processes
pdfTeX warning (ext4): destination with the same identifier (name{ALG@line.17}) has been already used, duplicate ignored
<to be read again> 
                   \relax 
l.367       \While
                   {$\var{n\_workers} > 0$}
pdfTeX warning (ext4): destination with the same identifier (name{ALG@line.18}) has been already used, duplicate ignored
<to be read again> 
                   \relax 
l.368         \State
                     \var{solution} $\gets$ receive from some other \var{proc}
pdfTeX warning (ext4): destination with the same identifier (name{ALG@line.19}) has been already used, duplicate ignored
<to be read again> 
                   \relax 
l.369         \If
                  {\var{jobs} is not empty}
pdfTeX warning (ext4): destination with the same identifier (name{ALG@line.20}) has been already used, duplicate ignored
<to be read again> 
                   \relax 
l.370           \State
                       Send next job to \var{proc}
pdfTeX warning (ext4): destination with the same identifier (name{ALG@line.21}) has been already used, duplicate ignored
<to be read again> 
                   \relax 
l.371         \Else
                   
pdfTeX warning (ext4): destination with the same identifier (name{ALG@line.22}) has been already used, duplicate ignored
<to be read again> 
                   \relax 
l.372           \State
                       Send terminate signal to \var{proc}
pdfTeX warning (ext4): destination with the same identifier (name{ALG@line.23}) has been already used, duplicate ignored
<to be read again> 
                   \relax 
l.373           \State
                       $\var{n\_workers}--$
pdfTeX warning (ext4): destination with the same identifier (name{ALG@line.24}) has been already used, duplicate ignored
<to be read again> 
                   \relax 
l.374         \EndIf
                    
pdfTeX warning (ext4): destination with the same identifier (name{ALG@line.25}) has been already used, duplicate ignored
<to be read again> 
                   \relax 
l.375         \State
                     \var{SOLUTION}.update(\var{solution})
pdfTeX warning (ext4): destination with the same identifier (name{ALG@line.26}) has been already used, duplicate ignored
<to be read again> 
                   \relax 
l.376       \EndWhile
                     
pdfTeX warning (ext4): destination with the same identifier (name{ALG@line.27}) has been already used, duplicate ignored
<to be read again> 
                   \relax 
l.377       \State
                   print \var{SOLUTION} and exit
Underfull \hbox (badness 10000) in paragraph at lines 377--379

 []


pdfTeX warning (ext4): destination with the same identifier (name{ALG@line.28}) has been already used, duplicate ignored
<to be read again> 
                   \relax 
l.379     \Else
               
pdfTeX warning (ext4): destination with the same identifier (name{ALG@line.29}) has been already used, duplicate ignored
<to be read again> 
                   \relax 
l.380       \While
                  {True}
pdfTeX warning (ext4): destination with the same identifier (name{ALG@line.30}) has been already used, duplicate ignored
<to be read again> 
                   \relax 
l.381         \State
                     \var{msg} $\gets$ receive from master process
pdfTeX warning (ext4): destination with the same identifier (name{ALG@line.31}) has been already used, duplicate ignored
<to be read again> 
                   \relax 
l.382         \If
                 {\var{msg} is job}
pdfTeX warning (ext4): destination with the same identifier (name{ALG@line.32}) has been already used, duplicate ignored
<to be read again> 
                   \relax 
l.383           \State
                       Solve \var{job} with data-parallel algorithm
pdfTeX warning (ext4): destination with the same identifier (name{ALG@line.33}) has been already used, duplicate ignored
<to be read again> 
                   \relax 
l.384           \State
                       Send \var{SOLUTION} to master process
pdfTeX warning (ext4): destination with the same identifier (name{ALG@line.34}) has been already used, duplicate ignored
<to be read again> 
                   \relax 
l.385         \Else
                   
pdfTeX warning (ext4): destination with the same identifier (name{ALG@line.35}) has been already used, duplicate ignored
<to be read again> 
                   \relax 
l.386           \State
                       Break
pdfTeX warning (ext4): destination with the same identifier (name{ALG@line.36}) has been already used, duplicate ignored
<to be read again> 
                   \relax 
l.387         \EndIf
                    
pdfTeX warning (ext4): destination with the same identifier (name{ALG@line.37}) has been already used, duplicate ignored
<to be read again> 
                   \relax 
l.388       \EndWhile
                     
pdfTeX warning (ext4): destination with the same identifier (name{ALG@line.38}) has been already used, duplicate ignored
<to be read again> 
                   \relax 
l.389     \EndIf
                
pdfTeX warning (ext4): destination with the same identifier (name{ALG@line.39}) has been already used, duplicate ignored
<to be read again> 
                   \relax 
l.390   \EndFunction
                    
Underfull \hbox (badness 10000) in paragraph at lines 396--397
[]\OT1/cmr/m/n/10 Gutin, Gre-gory and Yeo, An-ders, 2021, Lower Bounds for Max-i-mum Weighted Cut,
 []

[4] (/Users/anton/dev/ni-pdp/text/.texpadtmp/report.aux)

LaTeX Warning: There were undefined references.


LaTeX Warning: Label(s) may have changed. Rerun to get cross-references right.


Package rerunfilecheck Warning: File `report.out' has changed.
(rerunfilecheck)                Rerun to get outlines right
(rerunfilecheck)                or use package `bookmark'.

Package rerunfilecheck Info: Checksums for `report.out':
(rerunfilecheck)             Before: <no file>
(rerunfilecheck)             After:  FA3D81A952C785C492A374DF115C2903;1459.
 ) 
Here is how much of TeX's memory you used:
 14727 strings out of 478268
 247173 string characters out of 5846347
 571673 words of memory out of 5000000
 32673 multiletter control sequences out of 15000+600000
 481844 words of font info for 75 fonts, out of 8000000 for 9000
 1141 hyphenation exceptions out of 8191
 60i,9n,63p,1214b,619s stack positions out of 10000i,1000n,20000p,200000b,200000s
</usr/local/texlive/2022/texmf-dist/fonts/type1/public/amsfonts/cm/cmbx10.pfb></usr/local/texlive/2022/texmf-dist/fonts/type1/public/amsfonts/cm/cmbx12.pfb></usr/local/texlive/2022/texmf-dist/fonts/type1/public/amsfonts/cm/cmbx8.pfb></usr/local/texlive/2022/texmf-dist/fonts/type1/public/amsfonts/cm/cmcsc10.pfb></usr/local/texlive/2022/texmf-dist/fonts/type1/public/amsfonts/cm/cmex10.pfb></usr/local/texlive/2022/texmf-dist/fonts/type1/public/amsfonts/cm/cmmi10.pfb></usr/local/texlive/2022/texmf-dist/fonts/type1/public/amsfonts/cm/cmmi7.pfb></usr/local/texlive/2022/texmf-dist/fonts/type1/public/amsfonts/cm/cmmi8.pfb></usr/local/texlive/2022/texmf-dist/fonts/type1/public/amsfonts/cm/cmr10.pfb></usr/local/texlive/2022/texmf-dist/fonts/type1/public/amsfonts/cm/cmr7.pfb></usr/local/texlive/2022/texmf-dist/fonts/type1/public/amsfonts/cm/cmr8.pfb></usr/local/texlive/2022/texmf-dist/fonts/type1/public/amsfonts/cm/cmr9.pfb></usr/local/texlive/2022/texmf-dist/fonts/type1/public/amsfonts/cm/cmsy10.pfb></usr/local/texlive/2022/texmf-dist/fonts/type1/public/amsfonts/cm/cmsy7.pfb></usr/local/texlive/2022/texmf-dist/fonts/type1/public/amsfonts/cm/cmsy8.pfb></usr/local/texlive/2022/texmf-dist/fonts/type1/public/amsfonts/cm/cmti10.pfb></usr/local/texlive/2022/texmf-dist/fonts/type1/public/amsfonts/cm/cmti8.pfb></usr/local/texlive/2022/texmf-dist/fonts/type1/public/amsfonts/cm/cmtt10.pfb></usr/local/texlive/2022/texmf-dist/fonts/type1/public/amsfonts/cm/cmtt8.pfb></usr/local/texlive/2022/texmf-dist/fonts/type1/public/amsfonts/symbols/msbm10.pfb>
Output written on /Users/anton/dev/ni-pdp/text/.texpadtmp/report.pdf (4 pages, 245465 bytes).
PDF statistics:
 220 PDF objects out of 1000 (max. 8388607)
 172 compressed objects within 2 object streams
 82 named destinations out of 1000 (max. 500000)
 1 words of extra memory for PDF output out of 10000 (max. 10000000)

